#
# There is insufficient memory for the Java Runtime Environment to continue.
# Native memory allocation (mmap) failed to map 264241152 bytes. Error detail: G1 virtual space
# Possible reasons:
#   The system is out of physical RAM or swap space
#   This process is running with CompressedOops enabled, and the Java Heap may be blocking the growth of the native heap
# Possible solutions:
#   Reduce memory load on the system
#   Increase physical memory or swap space
#   Check if swap backing store is full
#   Decrease Java heap size (-Xmx/-Xms)
#   Decrease number of Java threads
#   Decrease Java thread stack sizes (-Xss)
#   Set larger code cache with -XX:ReservedCodeCacheSize=
#   JVM is running with Zero Based Compressed Oops mode in which the Java heap is
#     placed in the first 32GB address space. The Java Heap base address is the
#     maximum limit for the native heap growth. Please use -XX:HeapBaseMinAddress
#     to set the Java Heap base and to place the Java Heap above 32GB virtual address.
# This output file may be truncated or incomplete.
#
#  Out of Memory Error (os_windows.cpp:3925), pid=51140, tid=45064
#
# JRE version:  (21.0.8) (build )
# Java VM: OpenJDK 64-Bit Server VM (21.0.8+-14018985-b1038.68, mixed mode, sharing, tiered, compressed oops, compressed class ptrs, g1 gc, windows-amd64)
# No core dump will be written. Minidumps are not enabled by default on client versions of Windows
#

---------------  S U M M A R Y ------------

Command Line: org.jetbrains.kotlin.cli.jvm.K2JVMCompiler @F:\HOCKITLON\ChatBot\app\build\20251203_76768561508967338.compiler.options

Host: 12th Gen Intel(R) Core(TM) i9-12900H, 20 cores, 15G,  Windows 11 , 64 bit Build 22621 (10.0.22621.5415)
Time: Wed Dec  3 16:45:00 2025 SE Asia Standard Time elapsed time: 0.006615 seconds (0d 0h 0m 0s)

---------------  T H R E A D  ---------------

Current thread (0x0000019f66010df0):  JavaThread "Unknown thread" [_thread_in_vm, id=45064, stack(0x00000012a3d00000,0x00000012a3e00000) (1024K)]

Stack: [0x00000012a3d00000,0x00000012a3e00000]
Native frames: (J=compiled Java code, j=interpreted, Vv=VM code, C=native code)
V  [jvm.dll+0x6d68d9]
V  [jvm.dll+0x866693]
V  [jvm.dll+0x868c4e]
V  [jvm.dll+0x869333]
V  [jvm.dll+0x280566]
V  [jvm.dll+0x6d3195]
V  [jvm.dll+0x6c69ea]
V  [jvm.dll+0x3586db]
V  [jvm.dll+0x360336]
V  [jvm.dll+0x3b23f6]
V  [jvm.dll+0x3b26c8]
V  [jvm.dll+0x32ae6c]
V  [jvm.dll+0x32bb5b]
V  [jvm.dll+0x82e109]
V  [jvm.dll+0x3bf5c8]
V  [jvm.dll+0x817388]
V  [jvm.dll+0x453b6e]
V  [jvm.dll+0x4552d1]
C  [jli.dll+0x52ab]
C  [ucrtbase.dll+0x29333]
C  [KERNEL32.DLL+0x1259d]
C  [ntdll.dll+0x5af78]


---------------  P R O C E S S  ---------------

Threads class SMR info:
_java_thread_list=0x00007ff8f32eb988, length=0, elements={
}

Java Threads: ( => current thread )
Total: 0

Other Threads:
  0x0000019f683a3580 WorkerThread "GC Thread#0"                     [id=6896, stack(0x00000012a3e00000,0x00000012a3f00000) (1024K)]
  0x0000019f683b40e0 ConcurrentGCThread "G1 Main Marker"            [id=15088, stack(0x00000012a3f00000,0x00000012a4000000) (1024K)]
  0x0000019f683b5960 WorkerThread "G1 Conc#0"                       [id=38248, stack(0x00000012a4000000,0x00000012a4100000) (1024K)]

[error occurred during error reporting (printing all threads), id 0xc0000005, EXCEPTION_ACCESS_VIOLATION (0xc0000005) at pc=0x00007ff8f2adddd7]
VM state: not at safepoint (not fully initialized)

VM Mutex/Monitor currently owned by a thread:  ([mutex/lock_event])
[0x00007ff8f33586b8] Heap_lock - owner thread: 0x0000019f66010df0

Heap address: 0x0000000704800000, size: 4024 MB, Compressed Oops mode: Zero based, Oop shift amount: 3

CDS archive(s) mapped at: [0x0000000000000000-0x0000000000000000-0x0000000000000000), size 0, SharedBaseAddress: 0x0000000800000000, ArchiveRelocationMode: 1.
Narrow klass base: 0x0000000000000000, Narrow klass shift: 0, Narrow klass range: 0x0

GC Precious Log:
 CardTable entry size: 512
 Card Set container configuration: InlinePtr #cards 4 size 8 Array Of Cards #cards 16 size 48 Howl #buckets 8 coarsen threshold 3686 Howl Bitmap #cards 512 size 80 coarsen threshold 460 Card regions per heap region 1 cards per card region 4096

Heap:
 garbage-first heap   total 0K, used 0K [0x0000000704800000, 0x0000000800000000)
  region size 2048K, 0 young (0K), 0 survivors (0K)
 Metaspace       used 0K, committed 0K, reserved 0K
  class space    used 0K, committed 0K, reserved 0K

Heap Regions: E=young(eden), S=young(survivor), O=old, HS=humongous(starts), HC=humongous(continues), CS=collection set, F=free, TAMS=top-at-mark-start, PB=parsable bottom

Card table byte_map: [0x0000019f7b710000,0x0000019f7bef0000] _byte_map_base: 0x0000019f77eec000

Marking Bits: (CMBitMap*) 0x0000019f683a3c80
 Bits: [0x0000019f7bef0000, 0x0000019f7fdd0000)

GC Heap History (0 events):
No events

Dll operation events (1 events):
Event: 0.005 Loaded shared library C:\Program Files\Android\Android Studio1\jbr\bin\java.dll

Deoptimization events (0 events):
No events

Classes loaded (0 events):
No events

Classes unloaded (0 events):
No events

Classes redefined (0 events):
No events

Internal exceptions (0 events):
No events

ZGC Phase Switch (0 events):
No events

VM Operations (0 events):
No events

Memory protections (0 events):
No events

Nmethod flushes (0 events):
No events

Events (0 events):
No events


Dynamic libraries:
0x00007ff6eaed0000 - 0x00007ff6eaeda000 	C:\Program Files\Android\Android Studio1\jbr\bin\java.exe
0x00007ff9c7a10000 - 0x00007ff9c7c27000 	C:\Windows\SYSTEM32\ntdll.dll
0x00007ff9c61d0000 - 0x00007ff9c6294000 	C:\Windows\System32\KERNEL32.DLL
0x00007ff9c52c0000 - 0x00007ff9c5692000 	C:\Windows\System32\KERNELBASE.dll
0x00007ff9c4ca0000 - 0x00007ff9c4db1000 	C:\Windows\System32\ucrtbase.dll
0x00007ff9b0d90000 - 0x00007ff9b0dab000 	C:\Program Files\Android\Android Studio1\jbr\bin\VCRUNTIME140.dll
0x00007ff933840000 - 0x00007ff933858000 	C:\Program Files\Android\Android Studio1\jbr\bin\jli.dll
0x00007ff9c7810000 - 0x00007ff9c79c1000 	C:\Windows\System32\USER32.dll
0x00007ff9c5290000 - 0x00007ff9c52b6000 	C:\Windows\System32\win32u.dll
0x00007ff9a5e70000 - 0x00007ff9a610b000 	C:\Windows\WinSxS\amd64_microsoft.windows.common-controls_6595b64144ccf1df_6.0.22621.5547_none_27104afb73855772\COMCTL32.dll
0x00007ff9c7460000 - 0x00007ff9c7489000 	C:\Windows\System32\GDI32.dll
0x00007ff9c69a0000 - 0x00007ff9c6a47000 	C:\Windows\System32\msvcrt.dll
0x00007ff9c4dc0000 - 0x00007ff9c4ee3000 	C:\Windows\System32\gdi32full.dll
0x00007ff9c5030000 - 0x00007ff9c50ca000 	C:\Windows\System32\msvcp_win.dll
0x00007ff9c71a0000 - 0x00007ff9c71d1000 	C:\Windows\System32\IMM32.DLL
0x00007ff9b6520000 - 0x00007ff9b652c000 	C:\Program Files\Android\Android Studio1\jbr\bin\vcruntime140_1.dll
0x00007ff8f3de0000 - 0x00007ff8f3e6d000 	C:\Program Files\Android\Android Studio1\jbr\bin\msvcp140.dll
0x00007ff8f27a0000 - 0x00007ff8f3436000 	C:\Program Files\Android\Android Studio1\jbr\bin\server\jvm.dll
0x00007ff9c7310000 - 0x00007ff9c73c1000 	C:\Windows\System32\ADVAPI32.dll
0x00007ff9c6cf0000 - 0x00007ff9c6d98000 	C:\Windows\System32\sechost.dll
0x00007ff9c4c70000 - 0x00007ff9c4c98000 	C:\Windows\System32\bcrypt.dll
0x00007ff9c7510000 - 0x00007ff9c7624000 	C:\Windows\System32\RPCRT4.dll
0x00007ff9c7490000 - 0x00007ff9c7501000 	C:\Windows\System32\WS2_32.dll
0x00007ff9bcbf0000 - 0x00007ff9bcc24000 	C:\Windows\SYSTEM32\WINMM.dll
0x00007ff9bd230000 - 0x00007ff9bd23a000 	C:\Windows\SYSTEM32\VERSION.dll
0x00007ff9c3980000 - 0x00007ff9c39cd000 	C:\Windows\SYSTEM32\POWRPROF.dll
0x00007ff9c3960000 - 0x00007ff9c3973000 	C:\Windows\SYSTEM32\UMPDC.dll
0x00007ff9c3bc0000 - 0x00007ff9c3bd8000 	C:\Windows\SYSTEM32\kernel.appcore.dll
0x00007ff9b0d80000 - 0x00007ff9b0d8a000 	C:\Program Files\Android\Android Studio1\jbr\bin\jimage.dll
0x00007ff9c2440000 - 0x00007ff9c2673000 	C:\Windows\SYSTEM32\DBGHELP.DLL
0x00007ff9c6e00000 - 0x00007ff9c7193000 	C:\Windows\System32\combase.dll
0x00007ff9c6b00000 - 0x00007ff9c6bd7000 	C:\Windows\System32\OLEAUT32.dll
0x00007ff972790000 - 0x00007ff9727c2000 	C:\Windows\SYSTEM32\dbgcore.DLL
0x00007ff9c4ef0000 - 0x00007ff9c4f6b000 	C:\Windows\System32\bcryptPrimitives.dll
0x00007ff940040000 - 0x00007ff940060000 	C:\Program Files\Android\Android Studio1\jbr\bin\java.dll

JVMTI agents: none

dbghelp: loaded successfully - version: 4.0.5 - missing functions: none
symbol engine: initialized successfully - sym options: 0x614 - pdb path: .;C:\Program Files\Android\Android Studio1\jbr\bin;C:\Windows\SYSTEM32;C:\Windows\WinSxS\amd64_microsoft.windows.common-controls_6595b64144ccf1df_6.0.22621.5547_none_27104afb73855772;C:\Program Files\Android\Android Studio1\jbr\bin\server

VM Arguments:
java_command: org.jetbrains.kotlin.cli.jvm.K2JVMCompiler @F:\HOCKITLON\ChatBot\app\build\20251203_76768561508967338.compiler.options
java_class_path (initial): C:\Users\Admin\.gradle\caches\modules-2\files-2.1\org.jetbrains.kotlin\kotlin-compiler-embeddable\1.9.24\78dab849090e6c5e2eadb6e59a11cdc28fb67a08\kotlin-compiler-embeddable-1.9.24.jar;C:\Users\Admin\.gradle\caches\modules-2\files-2.1\org.jetbrains.kotlin\kotlin-stdlib\1.9.24\9928532f12c66ad816a625b3f9984f8368ca6d2b\kotlin-stdlib-1.9.24.jar;C:\Users\Admin\.gradle\caches\modules-2\files-2.1\org.jetbrains.kotlin\kotlin-script-runtime\1.9.24\96771497da90fbc5af1c90fce148db2595a62502\kotlin-script-runtime-1.9.24.jar;C:\Users\Admin\.gradle\caches\modules-2\files-2.1\org.jetbrains.kotlin\kotlin-reflect\1.6.10\1cbe9c92c12a94eea200d23c2bbaedaf3daf5132\kotlin-reflect-1.6.10.jar;C:\Users\Admin\.gradle\caches\modules-2\files-2.1\org.jetbrains.kotlin\kotlin-daemon-embeddable\1.9.24\86685b9c5e8d170925bd9ddbdc263374a6a73281\kotlin-daemon-embeddable-1.9.24.jar;C:\Users\Admin\.gradle\caches\modules-2\files-2.1\org.jetbrains.intellij.deps\trove4j\1.0.20200330\3afb14d5f9ceb459d724e907a21145e8ff394f02\trove4j-1.0.20200330.jar;C:\Users\Admin\.gradle\caches\modules-2\files-2.1\org.jetbrains\annotations\13.0\919f0dfe192fb4e063e7dacadee7f8bb9a2672a9\annotations-13.0.jar
Launcher Type: SUN_STANDARD

[Global flags]
     intx CICompilerCount                          = 12                                        {product} {ergonomic}
     uint ConcGCThreads                            = 4                                         {product} {ergonomic}
     uint G1ConcRefinementThreads                  = 15                                        {product} {ergonomic}
   size_t G1HeapRegionSize                         = 2097152                                   {product} {ergonomic}
    uintx GCDrainStackTargetSize                   = 64                                        {product} {ergonomic}
   size_t InitialHeapSize                          = 264241152                                 {product} {ergonomic}
   size_t MarkStackSize                            = 4194304                                   {product} {ergonomic}
   size_t MaxHeapSize                              = 4219469824                                {product} {ergonomic}
   size_t MinHeapDeltaBytes                        = 2097152                                   {product} {ergonomic}
   size_t MinHeapSize                              = 8388608                                   {product} {ergonomic}
    uintx NonNMethodCodeHeapSize                   = 7602480                                {pd product} {ergonomic}
    uintx NonProfiledCodeHeapSize                  = 122027880                              {pd product} {ergonomic}
    uintx ProfiledCodeHeapSize                     = 122027880                              {pd product} {ergonomic}
    uintx ReservedCodeCacheSize                    = 251658240                              {pd product} {ergonomic}
     bool SegmentedCodeCache                       = true                                      {product} {ergonomic}
   size_t SoftMaxHeapSize                          = 4219469824                             {manageable} {ergonomic}
     bool UseCompressedOops                        = true                           {product lp64_product} {ergonomic}
     bool UseG1GC                                  = true                                      {product} {ergonomic}
     bool UseLargePagesIndividualAllocation        = false                                  {pd product} {ergonomic}

Logging:
Log output configuration:
 #0: stdout all=warning uptime,level,tags foldmultilines=false
 #1: stderr all=off uptime,level,tags foldmultilines=false

Environment Variables:
PATH=C:\Program Files\Common Files\Oracle\Java\javapath;C:\Program Files (x86)\Common Files\Oracle\Java\javapath;C:\Program Files\Common Files\Microsoft Shared\Microsoft Online Services;C:\Program Files (x86)\Common Files\Microsoft Shared\Microsoft Online Services;C:\Windows\system32;C:\Windows;C:\Windows\System32\Wbem;C:\Windows\System32\WindowsPowerShell\v1.0\;C:\Windows\System32\OpenSSH\;C:\Program Files (x86)\NVIDIA Corporation\PhysX\Common;C:\Program Files\NVIDIA Corporation\NVIDIA NvDLISR;F:\git\Git\cmd;C:\mingw64\bin;C:\mingw64\x86_64-w64-mingw32\bin;C:\MinGW\bin;C:\Users\Admin\jdk-21.0.1+12\bin;C:\Program Files (x86)\Microsoft SQL Server\160\Tools\Binn\;C:\Program Files\Microsoft SQL Server\160\Tools\Binn\;C:\Program Files\Microsoft SQL Server\Client SDK\ODBC\170\Tools\Binn\;C:\Program Files\Microsoft SQL Server\160\DTS\Binn\;C:\Program Files (x86)\Microsoft SQL Server\160\DTS\Binn\;C:\Program Files\Azure Data Studio\bin;C:\Qt\Tools\sdktool\share\qtcreator\QtProject\qtcreator;C:\Program Files\Microsoft SQL Server\120\Tools\Binn\;C:\Program Files\Microsoft SQL Server\Client SDK\ODBC\130\Tools\Binn\;C:\Program Files\Microsoft SQL Server\150\Tools\Binn\;C:\Program Files\Cloudflare\Cloudflare WARP\;C:\Program Files\VisualSVN Server\bin;C:\Program Files\TortoiseSVN\bin;C:\Users\Admin\AppData\Local\Android\Sdk\platform-tools;C:\php\php-8.4.12-Win32-vs17-x64;C:\Program Files\nodejs\;F:\WEB_LONG_LOZ;C:\ProgramData\ComposerSetup\bin;C:\Program Files\MySQL\MySQL Shell 8.0\bin\;C:\Users\Admin\AppData\Local\Microsoft\WindowsApps;F:\Microsoft VS Code\bin;F:\Downloads\Dev-Cpp\Lang;C:\mingw64;C:\mingw64\x86_64-w64-mingw32\bin;C:\MinGW\bin;C:\Users\Admin\jdk-21.0.1+12\bin;C:\Program Files\Azure Data Studio\bin;C:\Qt\Tools\sdktool\share\qtcreator\QtProject\qtcreator;C:\Program Files\JetBrains\IntelliJ IDEA 2024.3.3\bin;;C:\Users\Admin\AppData\Roaming\Composer\vendor\bin;C:\Users\Admin\AppData\Roaming\npm;C:\Program Files\nodejs\;C:\php\php-8.4.12-Win32-vs17-x64;C:\Users\Admin\AppData\Local\Python\bin
USERNAME=Admin
OS=Windows_NT
PROCESSOR_IDENTIFIER=Intel64 Family 6 Model 154 Stepping 3, GenuineIntel
TMP=C:\Users\Admin\AppData\Local\Temp
TEMP=C:\Users\Admin\AppData\Local\Temp




Periodic native trim disabled

JNI global refs:
JNI global refs: 0, weak refs: 0

JNI global refs memory usage: 0, weak refs: 0

Process memory usage:
Resident Set Size: 12012K (0% of 16474168K total physical memory with 689024K free physical memory)

OOME stack traces (most recent first):
Classloader memory used:

---------------  S Y S T E M  ---------------

OS:
 Windows 11 , 64 bit Build 22621 (10.0.22621.5415)
OS uptime: 2 days 18:10 hours

CPU: total 20 (initial active 20) (10 cores per cpu, 2 threads per core) family 6 model 154 stepping 3 microcode 0x420, cx8, cmov, fxsr, ht, mmx, 3dnowpref, sse, sse2, sse3, ssse3, sse4.1, sse4.2, popcnt, lzcnt, tsc, tscinvbit, avx, avx2, aes, erms, clmul, bmi1, bmi2, adx, sha, fma, vzeroupper, clflush, clflushopt, clwb, serialize, rdtscp, rdpid, fsrm, f16c, pku, cet_ibt, cet_ss
Processor Information for processor 0
  Max Mhz: 2900, Current Mhz: 1496, Mhz Limit: 2900
Processor Information for processor 1
  Max Mhz: 2900, Current Mhz: 1496, Mhz Limit: 2900
Processor Information for processor 2
  Max Mhz: 2900, Current Mhz: 1496, Mhz Limit: 2900
Processor Information for processor 3
  Max Mhz: 2900, Current Mhz: 1496, Mhz Limit: 2900
Processor Information for processor 4
  Max Mhz: 2900, Current Mhz: 2900, Mhz Limit: 2900
Processor Information for processor 5
  Max Mhz: 2900, Current Mhz: 1496, Mhz Limit: 2900
Processor Information for processor 6
  Max Mhz: 2900, Current Mhz: 2900, Mhz Limit: 2900
Processor Information for processor 7
  Max Mhz: 2900, Current Mhz: 1496, Mhz Limit: 2900
Processor Information for processor 8
  Max Mhz: 2900, Current Mhz: 2900, Mhz Limit: 2900
Processor Information for processor 9
  Max Mhz: 2900, Current Mhz: 2900, Mhz Limit: 2900
Processor Information for processor 10
  Max Mhz: 2900, Current Mhz: 2900, Mhz Limit: 2900
Processor Information for processor 11
  Max Mhz: 2900, Current Mhz: 2900, Mhz Limit: 2900
Processor Information for processor 12
  Max Mhz: 2900, Current Mhz: 1508, Mhz Limit: 2088
Processor Information for processor 13
  Max Mhz: 2900, Current Mhz: 2088, Mhz Limit: 2088
Processor Information for processor 14
  Max Mhz: 2900, Current Mhz: 2088, Mhz Limit: 2088
Processor Information for processor 15
  Max Mhz: 2900, Current Mhz: 2088, Mhz Limit: 2088
Processor Information for processor 16
  Max Mhz: 2900, Current Mhz: 1508, Mhz Limit: 2088
Processor Information for processor 17
  Max Mhz: 2900, Current Mhz: 2088, Mhz Limit: 2088
Processor Information for processor 18
  Max Mhz: 2900, Current Mhz: 1508, Mhz Limit: 2088
Processor Information for processor 19
  Max Mhz: 2900, Current Mhz: 1508, Mhz Limit: 2088

Memory: 4k page, system-wide physical 16088M (672M free)
TotalPageFile size 32472M (AvailPageFile size 34M)
current process WorkingSet (physical memory assigned to process): 11M, peak: 11M
current process commit charge ("private bytes"): 75M, peak: 327M

vm_info: OpenJDK 64-Bit Server VM (21.0.8+-14018985-b1038.68) for windows-amd64 JRE (21.0.8+-14018985-b1038.68), built on 2025-08-29T19:56:34Z by "builder" with MS VC++ 16.10 / 16.11 (VS2019)

END.
